0 info it worked if it ends with ok
1 verbose cli [ 'F:\\node\\nodejs\\node.exe',
1 verbose cli   'F:\\node\\nodejs\\node_modules\\npm\\bin\\npm-cli.js',
1 verbose cli   'run',
1 verbose cli   'dev' ]
2 info using npm@3.10.10
3 info using node@v6.10.0
4 verbose run-script [ 'predev', 'dev', 'postdev' ]
5 info lifecycle family-archives-system@1.0.0~predev: family-archives-system@1.0.0
6 silly lifecycle family-archives-system@1.0.0~predev: no script for predev, continuing
7 info lifecycle family-archives-system@1.0.0~dev: family-archives-system@1.0.0
8 verbose lifecycle family-archives-system@1.0.0~dev: unsafe-perm in lifecycle true
9 verbose lifecycle family-archives-system@1.0.0~dev: PATH: F:\node\nvm\v6.10.0\node_modules\npm\bin\node-gyp-bin;F:\www\家庭档案管理\mFAS2\node_modules\.bin;C:\windows\system32;C:\windows;C:\windows\System32\Wbem;C:\windows\System32\WindowsPowerShell\v1.0\;F:\node\npm-global;F:\node\nvm;F:\node\nodejs;C:\windows\system32;C:\windows;C:\windows\System32\Wbem;C:\windows\System32\WindowsPowerShell\v1.0\;F:\node\npm-global;F:\node\nvm;F:\node\nodejs;F:\CommandLineTool\;
10 verbose lifecycle family-archives-system@1.0.0~dev: CWD: F:\www\家庭档案管理\mFAS2
11 silly lifecycle family-archives-system@1.0.0~dev: Args: [ '/d /s /c', 'node build/dev-server.js' ]
12 verbose stack Error: kill ENOSYS
12 verbose stack     at exports._errnoException (util.js:1022:11)
12 verbose stack     at process.kill (internal/process.js:172:13)
12 verbose stack     at process.listener (F:\node\nvm\v6.10.0\node_modules\npm\node_modules\npmlog\node_modules\gauge\node_modules\signal-exit\index.js:86:15)
12 verbose stack     at emitNone (events.js:91:20)
12 verbose stack     at process.emit (events.js:185:7)
12 verbose stack     at processEmit (F:\node\nvm\v6.10.0\node_modules\npm\node_modules\npmlog\node_modules\gauge\node_modules\signal-exit\index.js:146:32)
12 verbose stack     at processEmit (F:\node\nvm\v6.10.0\node_modules\npm\node_modules\npm-registry-client\node_modules\npmlog\node_modules\gauge\node_modules\signal-exit\index.js:146:32)
12 verbose stack     at Signal.wrap.onsignal (internal/process.js:199:44)
13 verbose cwd F:\www\家庭档案管理\mFAS2
14 error Windows_NT 6.1.7601
15 error argv "F:\\node\\nodejs\\node.exe" "F:\\node\\nodejs\\node_modules\\npm\\bin\\npm-cli.js" "run" "dev"
16 error node v6.10.0
17 error npm  v3.10.10
18 error code ENOSYS
19 error errno ENOSYS
20 error syscall kill
21 error kill ENOSYS
22 error If you need help, you may report this error at:
22 error     <https://github.com/npm/npm/issues>
23 verbose exit [ 1, true ]
